[35m@mikecousins/react-pdf:build[0m: cache hit, replaying output [2m4bb886e5bf588cf0[0m
[35m@mikecousins/react-pdf:build: [0m✘ [ERROR] Transforming const to the configured target environment ("es5") is not supported yet
[35m@mikecousins/react-pdf:build: [0m
[35m@mikecousins/react-pdf:build: [0m    vite.config.js:1:0:
[35m@mikecousins/react-pdf:build: [0m      1 │ const path = require('path')
[35m@mikecousins/react-pdf:build: [0m        ╵ ~~~~~
[35m@mikecousins/react-pdf:build: [0m
[35m@mikecousins/react-pdf:build: [0m  The target environment was set to "es5" here:
[35m@mikecousins/react-pdf:build: [0m
[35m@mikecousins/react-pdf:build: [0m    tsconfig.json:4:14:
[35m@mikecousins/react-pdf:build: [0m      4 │     "target": "es5",
[35m@mikecousins/react-pdf:build: [0m        ╵               ~~~~~
[35m@mikecousins/react-pdf:build: [0m
[35m@mikecousins/react-pdf:build: [0m✘ [ERROR] Transforming const to the configured target environment ("es5") is not supported yet
[35m@mikecousins/react-pdf:build: [0m
[35m@mikecousins/react-pdf:build: [0m    vite.config.js:2:0:
[35m@mikecousins/react-pdf:build: [0m      2 │ const { defineConfig } = require('vite')
[35m@mikecousins/react-pdf:build: [0m        ╵ ~~~~~
[35m@mikecousins/react-pdf:build: [0m
[35m@mikecousins/react-pdf:build: [0m  The target environment was set to "es5" here:
[35m@mikecousins/react-pdf:build: [0m
[35m@mikecousins/react-pdf:build: [0m    tsconfig.json:4:14:
[35m@mikecousins/react-pdf:build: [0m      4 │     "target": "es5",
[35m@mikecousins/react-pdf:build: [0m        ╵               ~~~~~
[35m@mikecousins/react-pdf:build: [0m
[35m@mikecousins/react-pdf:build: [0m✘ [ERROR] Transforming destructuring to the configured target environment ("es5") is not supported yet
[35m@mikecousins/react-pdf:build: [0m
[35m@mikecousins/react-pdf:build: [0m    vite.config.js:2:6:
[35m@mikecousins/react-pdf:build: [0m      2 │ const { defineConfig } = require('vite')
[35m@mikecousins/react-pdf:build: [0m        ╵       ^
[35m@mikecousins/react-pdf:build: [0m
[35m@mikecousins/react-pdf:build: [0m  The target environment was set to "es5" here:
[35m@mikecousins/react-pdf:build: [0m
[35m@mikecousins/react-pdf:build: [0m    tsconfig.json:4:14:
[35m@mikecousins/react-pdf:build: [0m      4 │     "target": "es5",
[35m@mikecousins/react-pdf:build: [0m        ╵               ~~~~~
[35m@mikecousins/react-pdf:build: [0m
[35m@mikecousins/react-pdf:build: [0m[31mfailed to load config from C:\GitHub\react-pdf-js\packages\react-pdf-js\vite.config.js[39m
[35m@mikecousins/react-pdf:build: [0m[31merror during build:
[35m@mikecousins/react-pdf:build: [0mError: Build failed with 3 errors:
[35m@mikecousins/react-pdf:build: [0mvite.config.js:1:0: ERROR: Transforming const to the configured target environment ("es5") is not supported yet
[35m@mikecousins/react-pdf:build: [0mvite.config.js:2:0: ERROR: Transforming const to the configured target environment ("es5") is not supported yet
[35m@mikecousins/react-pdf:build: [0mvite.config.js:2:6: ERROR: Transforming destructuring to the configured target environment ("es5") is not supported yet
[35m@mikecousins/react-pdf:build: [0m    at failureErrorWithLog (C:\GitHub\react-pdf-js\node_modules\esbuild\lib\main.js:1605:15)
[35m@mikecousins/react-pdf:build: [0m    at C:\GitHub\react-pdf-js\node_modules\esbuild\lib\main.js:1251:28
[35m@mikecousins/react-pdf:build: [0m    at runOnEndCallbacks (C:\GitHub\react-pdf-js\node_modules\esbuild\lib\main.js:1034:63)
[35m@mikecousins/react-pdf:build: [0m    at buildResponseToResult (C:\GitHub\react-pdf-js\node_modules\esbuild\lib\main.js:1249:7)
[35m@mikecousins/react-pdf:build: [0m    at C:\GitHub\react-pdf-js\node_modules\esbuild\lib\main.js:1358:14
[35m@mikecousins/react-pdf:build: [0m    at C:\GitHub\react-pdf-js\node_modules\esbuild\lib\main.js:666:9
[35m@mikecousins/react-pdf:build: [0m    at handleIncomingPacket (C:\GitHub\react-pdf-js\node_modules\esbuild\lib\main.js:763:9)
[35m@mikecousins/react-pdf:build: [0m    at Socket.readFromStdout (C:\GitHub\react-pdf-js\node_modules\esbuild\lib\main.js:632:7)
[35m@mikecousins/react-pdf:build: [0m    at Socket.emit (node:events:527:28)
[35m@mikecousins/react-pdf:build: [0m    at addChunk (node:internal/streams/readable:324:12)[39m
